"2017-12-27 17:02:28 [restartedMain] INFO  c.b.e.a.SpringBootEhcacheApplication - Starting SpringBootEhcacheApplication on BAHOTA-FQ0L5 with PID 22620 (C:\MyWorkSpace\spring-boot-ehcache\target\classes started by bahota in C:\MyWorkSpace\spring-boot-ehcache)
""2017-12-27 17:02:28 [restartedMain] DEBUG c.b.e.a.SpringBootEhcacheApplication - Running with Spring Boot v1.5.9.RELEASE, Spring v4.3.13.RELEASE
""2017-12-27 17:02:28 [restartedMain] INFO  c.b.e.a.SpringBootEhcacheApplication - No active profile set, falling back to default profiles: default
""2017-12-27 17:02:28 [restartedMain] INFO  o.s.b.c.e.AnnotationConfigEmbeddedWebApplicationContext - Refreshing org.springframework.boot.context.embedded.AnnotationConfigEmbeddedWebApplicationContext@5b9908e5: startup date [Wed Dec 27 17:02:28 IST 2017]; root of context hierarchy
""2017-12-27 17:02:29 [restartedMain] INFO  o.s.b.c.e.t.TomcatEmbeddedServletContainer - Tomcat initialized with port(s): 8080 (http)
""2017-12-27 17:02:29 [restartedMain] INFO  o.a.catalina.core.StandardService - Starting service [Tomcat]
""2017-12-27 17:02:29 [restartedMain] INFO  o.a.catalina.core.StandardEngine - Starting Servlet Engine: Apache Tomcat/8.5.23
""2017-12-27 17:02:29 [localhost-startStop-1] INFO  o.a.c.c.C.[Tomcat].[localhost].[/] - Initializing Spring embedded WebApplicationContext
""2017-12-27 17:02:29 [localhost-startStop-1] INFO  o.s.b.w.s.ServletRegistrationBean - Mapping servlet: 'dispatcherServlet' to [/]
""2017-12-27 17:02:29 [localhost-startStop-1] INFO  o.s.b.w.s.FilterRegistrationBean - Mapping filter: 'characterEncodingFilter' to: [/*]
""2017-12-27 17:02:29 [localhost-startStop-1] INFO  o.s.b.w.s.FilterRegistrationBean - Mapping filter: 'hiddenHttpMethodFilter' to: [/*]
""2017-12-27 17:02:29 [localhost-startStop-1] INFO  o.s.b.w.s.FilterRegistrationBean - Mapping filter: 'httpPutFormContentFilter' to: [/*]
""2017-12-27 17:02:29 [localhost-startStop-1] INFO  o.s.b.w.s.FilterRegistrationBean - Mapping filter: 'requestContextFilter' to: [/*]
""2017-12-27 17:02:29 [restartedMain] INFO  o.s.o.j.LocalContainerEntityManagerFactoryBean - Building JPA container EntityManagerFactory for persistence unit 'default'
""2017-12-27 17:02:29 [restartedMain] INFO  o.h.jpa.internal.util.LogHelper - HHH000204: Processing PersistenceUnitInfo [
	name: default
	...]
""2017-12-27 17:02:29 [restartedMain] INFO  org.hibernate.dialect.Dialect - HHH000400: Using dialect: org.hibernate.dialect.MySQL5Dialect
""2017-12-27 17:02:29 [restartedMain] INFO  o.h.tool.hbm2ddl.SchemaUpdate - HHH000228: Running hbm2ddl schema update
""2017-12-27 17:02:29 [restartedMain] INFO  o.s.o.j.LocalContainerEntityManagerFactoryBean - Initialized JPA EntityManagerFactory for persistence unit 'default'
""2017-12-27 17:02:30 [restartedMain] INFO  c.b.e.api.service.EmployeeService - Totla number of record stored while start up application 1000
""2017-12-27 17:02:30 [restartedMain] INFO  o.s.c.e.EhCacheManagerFactoryBean - Initializing EhCache CacheManager
""2017-12-27 17:02:30 [restartedMain] WARN  n.s.e.config.CacheConfiguration - Configuration problem for cache usersCache: MaxEntriesLocalHeap equal or greater than MaxEntriesLocalDisk. This will result in useless disk storage.
""2017-12-27 17:02:31 [restartedMain] INFO  o.s.b.d.a.OptionalLiveReloadServer - LiveReload server is running on port 35729
""2017-12-27 17:02:31 [restartedMain] INFO  o.s.j.e.a.AnnotationMBeanExporter - Registering beans for JMX exposure on startup
""2017-12-27 17:02:31 [restartedMain] INFO  o.s.b.c.e.t.TomcatEmbeddedServletContainer - Tomcat started on port(s): 8080 (http)
""2017-12-27 17:02:31 [restartedMain] INFO  c.b.e.a.SpringBootEhcacheApplication - Started SpringBootEhcacheApplication in 3.362 seconds (JVM running for 143.371)
""2017-12-27 17:03:20 [http-nio-8080-exec-10] INFO  o.a.c.c.C.[Tomcat].[localhost].[/] - Initializing Spring FrameworkServlet 'dispatcherServlet'
""2017-12-27 17:03:20 [http-nio-8080-exec-10] INFO  c.b.e.api.service.EmployeeService - Hiting DB TO fetch all record in request hit 1
""2017-12-27 17:03:20 [http-nio-8080-exec-10] INFO  o.h.h.i.QueryTranslatorFactoryInitiator - HHH000397: Using ASTQueryTranslatorFactory
""2017-12-27 17:04:25 [http-nio-8080-exec-6] INFO  c.b.e.api.service.EmployeeService - Hiting DB TO fetch  record with name name8 in request hit 2
"